   1               		.file	"main.c"
   2               	__SP_H__ = 0x3e
   3               	__SP_L__ = 0x3d
   4               	__SREG__ = 0x3f
   5               	__tmp_reg__ = 0
   6               	__zero_reg__ = 1
   7               		.text
   8               	.Ltext0:
   9               		.section	.text.startup,"ax",@progbits
  10               	.global	main
  12               	main:
  13               	.LFB8:
  14               		.file 1 "main.c"
   1:main.c        **** #include <avr/eeprom.h>
   2:main.c        **** #include <avr/io.h>
   3:main.c        **** #include <math.h>
   4:main.c        **** #include <stdlib.h>
   5:main.c        **** #include <util/delay.h>
   6:main.c        **** #include <avr/pgmspace.h>
   7:main.c        **** 
   8:main.c        **** const uint16_t pwmtable_16[256] PROGMEM =
   9:main.c        **** {
  10:main.c        ****     0, 1, 1, 1, 1, 1, 1, 1, 1, 2, 2, 2, 2, 2, 2, 2, 2, 2, 2, 2, 2, 3,
  11:main.c        ****     3, 3, 3, 3, 3, 3, 4, 4, 4, 4, 4, 4, 5, 5, 5, 5, 5, 6, 6, 6, 6, 7,
  12:main.c        ****     7, 7, 8, 8, 8, 9, 9, 10, 10, 10, 11, 11, 12, 12, 13, 13, 14, 15,
  13:main.c        ****     15, 16, 17, 17, 18, 19, 20, 21, 22, 23, 24, 25, 26, 27, 28, 29,
  14:main.c        ****     31, 32, 33, 35, 36, 38, 40, 41, 43, 45, 47, 49, 52, 54, 56, 59,
  15:main.c        ****     61, 64, 67, 70, 73, 76, 79, 83, 87, 91, 95, 99, 103, 108, 112,
  16:main.c        ****     117, 123, 128, 134, 140, 146, 152, 159, 166, 173, 181, 189, 197,
  17:main.c        ****     206, 215, 225, 235, 245, 256, 267, 279, 292, 304, 318, 332, 347,
  18:main.c        ****     362, 378, 395, 412, 431, 450, 470, 490, 512, 535, 558, 583, 609,
  19:main.c        ****     636, 664, 693, 724, 756, 790, 825, 861, 899, 939, 981, 1024, 1069,
  20:main.c        ****     1117, 1166, 1218, 1272, 1328, 1387, 1448, 1512, 1579, 1649, 1722,
  21:main.c        ****     1798, 1878, 1961, 2048, 2139, 2233, 2332, 2435, 2543, 2656, 2773,
  22:main.c        ****     2896, 3025, 3158, 3298, 3444, 3597, 3756, 3922, 4096, 4277, 4467,
  23:main.c        ****     4664, 4871, 5087, 5312, 5547, 5793, 6049, 6317, 6596, 6889, 7194,
  24:main.c        ****     7512, 7845, 8192, 8555, 8933, 9329, 9742, 10173, 10624, 11094,
  25:main.c        ****     11585, 12098, 12634, 13193, 13777, 14387, 15024, 15689, 16384,
  26:main.c        ****     17109, 17867, 18658, 19484, 20346, 21247, 22188, 23170, 24196,
  27:main.c        ****     25267, 26386, 27554, 28774, 30048, 31378, 32768, 34218, 35733,
  28:main.c        ****     37315, 38967, 40693, 42494, 44376, 46340, 48392, 50534, 52772,
  29:main.c        ****     55108, 57548, 60096, 62757, 65535
  30:main.c        **** };
  31:main.c        **** 
  32:main.c        **** void set_led(char red, char green, char blue){
  33:main.c        **** 	// in difference to the schematic, PB4 is red, PB1 is green and PB3 is blue
  34:main.c        **** 	// not because of common cathode
  35:main.c        **** 	PORTB = (!red << PB4) | (!green << PB1) | (!blue << PB3);
  36:main.c        **** }
  37:main.c        **** 
  38:main.c        **** int main(void){
  15               		.loc 1 38 0
  16               	/* prologue: function */
  17               	/* frame size = 0 */
  18               	/* stack size = 0 */
  19               	.L__stack_usage = 0
  20               	.LVL0:
  39:main.c        **** 	
  40:main.c        **** //	uint16_t softpwm = 0;
  41:main.c        **** 	uint8_t r=0, g=85, b=170;
  42:main.c        **** 	
  43:main.c        **** 	DDRB = _BV(DDB1) | _BV(DDB3) | _BV(DDB4);	
  21               		.loc 1 43 0
  22 0000 8AE1      		ldi r24,lo8(26)
  23 0002 87BB      		out 0x17,r24
  44:main.c        **** 	PORTB = 0xFF;
  24               		.loc 1 44 0
  25 0004 8FEF      		ldi r24,lo8(-1)
  26 0006 88BB      		out 0x18,r24
  45:main.c        **** 	
  46:main.c        **** 	
  47:main.c        **** 	TCCR1 = _BV(COM1A1) | _BV(COM1A0) | _BV(PWM1A) | _BV(CS10);
  27               		.loc 1 47 0
  28 0008 91E7      		ldi r25,lo8(113)
  29 000a 90BF      		out 0x30,r25
  48:main.c        **** 	TCCR0A = _BV(WGM01) | _BV(WGM00);
  30               		.loc 1 48 0
  31 000c 93E0      		ldi r25,lo8(3)
  32 000e 9ABD      		out 0x2a,r25
  49:main.c        **** 	GTCCR = _BV(COM1B1) | _BV(COM1B0) | _BV(PWM1B);
  33               		.loc 1 49 0
  34 0010 90E7      		ldi r25,lo8(112)
  35 0012 9CBD      		out 0x2c,r25
  50:main.c        **** 		
  51:main.c        **** 
  52:main.c        **** 	OCR1A = 255;
  36               		.loc 1 52 0
  37 0014 8EBD      		out 0x2e,r24
  53:main.c        **** 	OCR1C = 255; 
  38               		.loc 1 53 0
  39 0016 8DBD      		out 0x2d,r24
  54:main.c        **** 	OCR1B = 127;
  40               		.loc 1 54 0
  41 0018 8FE7      		ldi r24,lo8(127)
  42 001a 8BBD      		out 0x2b,r24
  43               	.L2:
  44 001c 00C0      		rjmp .L2
  45               	.LFE8:
  73               	.Letext0:
  74               		.file 2 "/usr/lib/gcc/avr/4.7.0/../../../avr/include/stdint.h"
DEFINED SYMBOLS
                            *ABS*:0000000000000000 main.c
     /tmp/cc1JfMND.s:2      *ABS*:000000000000003e __SP_H__
     /tmp/cc1JfMND.s:3      *ABS*:000000000000003d __SP_L__
     /tmp/cc1JfMND.s:4      *ABS*:000000000000003f __SREG__
     /tmp/cc1JfMND.s:5      *ABS*:0000000000000000 __tmp_reg__
     /tmp/cc1JfMND.s:6      *ABS*:0000000000000001 __zero_reg__
     /tmp/cc1JfMND.s:12     .text.startup:0000000000000000 main

NO UNDEFINED SYMBOLS
